{
  "stats": {
    "suites": 1,
    "tests": 4,
    "passes": 4,
    "pending": 0,
    "failures": 0,
    "start": "2024-08-14T13:36:53.943Z",
    "end": "2024-08-14T13:36:55.384Z",
    "duration": 1441,
    "testsRegistered": 4,
    "passPercent": 100,
    "pendingPercent": 0,
    "other": 0,
    "hasOther": false,
    "skipped": 0,
    "hasSkipped": false
  },
  "results": [
    {
      "uuid": "687d6957-d2c1-47f0-8b38-ad3fb5401e18",
      "title": "",
      "fullFile": "C:\\Users\\hendr\\OneDrive\\Desktop\\API-Automation-DS\\test\\Test-regresin.js",
      "file": "\\test\\Test-regresin.js",
      "beforeHooks": [],
      "afterHooks": [],
      "tests": [],
      "suites": [
        {
          "uuid": "83cf3008-73a5-4066-a9bb-df56449f8a03",
          "title": "API TEST for \"Regres.in\"",
          "fullFile": "C:\\Users\\hendr\\OneDrive\\Desktop\\API-Automation-DS\\test\\Test-regresin.js",
          "file": "\\test\\Test-regresin.js",
          "beforeHooks": [],
          "afterHooks": [],
          "tests": [
            {
              "title": "Test - GET User",
              "fullTitle": "API TEST for \"Regres.in\" Test - GET User",
              "timedOut": false,
              "duration": 108,
              "state": "passed",
              "speed": "slow",
              "pass": true,
              "fail": false,
              "pending": false,
              "context": null,
              "code": "const res = await request(UrlBase)\n.get('users?page=2');\n//kode untuk assert\nassert.equal(res.statusCode, 200)\nassert.equal(res.body.page, '2')\nassert.equal(res.body.data[0].first_name, 'Michael')\nconst schemaPath = \"resources/jsonSchema/GET-Users-Schema.json\"\nconst jsonSchema = JSON.parse(fs.readFileSync(schemaPath, 'utf8'))\nassert.jsonSchema(res.body, jsonSchema)",
              "err": {},
              "uuid": "6f3eed61-892e-428d-9412-62e9ade18887",
              "parentUUID": "83cf3008-73a5-4066-a9bb-df56449f8a03",
              "isHook": false,
              "skipped": false
            },
            {
              "title": "Test - POST User",
              "fullTitle": "API TEST for \"Regres.in\" Test - POST User",
              "timedOut": false,
              "duration": 451,
              "state": "passed",
              "speed": "slow",
              "pass": true,
              "fail": false,
              "pending": false,
              "context": null,
              "code": "const CreateUser = {\n    \"name\": \"Hendro Elyeser Lumombo\",\n    \"job\": \"Quality Assurance\"\n}\nconst res = await request(UrlBase)\n.post('users')\n.send(CreateUser);\nconsole.log(res.body)\n//kode assert POST\nconst schemaPath = \"resources/jsonSchema/POST-Users-Schema.json\"\nconst jsonSchema = JSON.parse(fs.readFileSync(schemaPath, 'utf8'))\nassert.jsonSchema(res.body, jsonSchema)",
              "err": {},
              "uuid": "5c73b88b-d447-49fe-8877-4b274fbfb95e",
              "parentUUID": "83cf3008-73a5-4066-a9bb-df56449f8a03",
              "isHook": false,
              "skipped": false
            },
            {
              "title": "Test - DELETE User",
              "fullTitle": "API TEST for \"Regres.in\" Test - DELETE User",
              "timedOut": false,
              "duration": 431,
              "state": "passed",
              "speed": "slow",
              "pass": true,
              "fail": false,
              "pending": false,
              "context": null,
              "code": "const res = await request(UrlBase)\n.delete('users/2')\n//kode assert DELETE\nassert.equal(res.statusCode, 204)",
              "err": {},
              "uuid": "2262942a-e29d-4139-b3ae-9217ef1ddd23",
              "parentUUID": "83cf3008-73a5-4066-a9bb-df56449f8a03",
              "isHook": false,
              "skipped": false
            },
            {
              "title": "Test - PUT User",
              "fullTitle": "API TEST for \"Regres.in\" Test - PUT User",
              "timedOut": false,
              "duration": 444,
              "state": "passed",
              "speed": "slow",
              "pass": true,
              "fail": false,
              "pending": false,
              "context": null,
              "code": "const UpdateUser = {\n    \"name\": \"Bunga\",\n    \"job\": \"Senior Quality Assurance\"\n}\nconst res = await request(UrlBase)\n.put('users/2')\n.send(UpdateUser);\nconsole.log(res.body)\n//kode assert PUT\nassert.equal(res.statusCode, 200)\nassert.equal(res.body.name, 'Bunga')\nassert.equal(res.body.job, 'Senior Quality Assurance')\nconst schemaPath = \"resources/jsonSchema/PUT-Users-Schema.json\"\nconst jsonSchema = JSON.parse(fs.readFileSync(schemaPath, 'utf8'))\nassert.jsonSchema(res.body, jsonSchema)",
              "err": {},
              "uuid": "f96df058-f9f2-4bf9-8443-5403f030a531",
              "parentUUID": "83cf3008-73a5-4066-a9bb-df56449f8a03",
              "isHook": false,
              "skipped": false
            }
          ],
          "suites": [],
          "passes": [
            "6f3eed61-892e-428d-9412-62e9ade18887",
            "5c73b88b-d447-49fe-8877-4b274fbfb95e",
            "2262942a-e29d-4139-b3ae-9217ef1ddd23",
            "f96df058-f9f2-4bf9-8443-5403f030a531"
          ],
          "failures": [],
          "pending": [],
          "skipped": [],
          "duration": 1434,
          "root": false,
          "rootEmpty": false,
          "_timeout": 2000
        }
      ],
      "passes": [],
      "failures": [],
      "pending": [],
      "skipped": [],
      "duration": 0,
      "root": true,
      "rootEmpty": true,
      "_timeout": 2000
    }
  ],
  "meta": {
    "mocha": {
      "version": "10.7.3"
    },
    "mochawesome": {
      "options": {
        "quiet": false,
        "reportFilename": "mochawesome",
        "saveHtml": true,
        "saveJson": true,
        "consoleReporter": "spec",
        "useInlineDiffs": false,
        "code": true
      },
      "version": "7.1.3"
    },
    "marge": {
      "options": null,
      "version": "6.2.0"
    }
  }
}